<?xml version="1.0" encoding="UTF-8"?>
<testsuite name="CarQueueTest" tests="3" skipped="0" failures="0" errors="0" timestamp="2025-11-16T16:20:31" hostname="DESKTOP-2QTKTV6" time="0.015">
  <properties/>
  <testcase name="add()" classname="CarQueueTest" time="0.011"/>
  <testcase name="peek()" classname="CarQueueTest" time="0.001"/>
  <testcase name="poll()" classname="CarQueueTest" time="0.001"/>
  <system-out><![CDATA[]]></system-out>
  <system-err><![CDATA[]]></system-err>
</testsuite>
